<?xml version="1.0" encoding="UTF-8"?>
<testng-results ignored="0" total="0" passed="0" failed="0" skipped="0">
  <reporter-output>
  </reporter-output>
  <suite started-at="2024-05-01T11:03:44 IST" name="TestUsersSuite" finished-at="2024-05-01T11:03:44 IST" duration-ms="21">
    <groups>
    </groups>
    <test started-at="2024-05-01T11:03:44 IST" name="returnvalTest" finished-at="2024-05-01T11:03:44 IST" duration-ms="21">
    </test> <!-- returnvalTest -->
  </suite> <!-- TestUsersSuite -->
</testng-results>
