<?xml version="1.0" encoding="UTF-8"?>
<!-- Generated by org.testng.reporters.JUnitXMLReporter -->
<testsuite ignored="6" hostname="DESKTOP-GFU6O22" failures="0" tests="1" name="SanityTest" time="1.668" errors="0" timestamp="2024-05-01T10:56:43 IST">
  <testcase classname="com.simpletests.Tests_testng" name="listUser" time="1.132"/>
  <testcase classname="com.simpletests.Tests_testng" name="loginUnsuccessful2" time="0.0">
    <ignored/>
  </testcase> <!-- loginUnsuccessful2 -->
  <testcase classname="com.simpletests.Tests_testng" name="loginUnsuccessful1" time="0.0">
    <ignored/>
  </testcase> <!-- loginUnsuccessful1 -->
  <testcase classname="com.simpletests.Tests_testng" name="UserNotFound" time="0.0">
    <ignored/>
  </testcase> <!-- UserNotFound -->
  <testcase classname="com.simpletests.Tests_testng" name="UserNotFound2" time="0.0">
    <ignored/>
  </testcase> <!-- UserNotFound2 -->
  <testcase classname="com.simpletests.Tests_testng" name="delayResponse" time="0.0">
    <ignored/>
  </testcase> <!-- delayResponse -->
  <testcase classname="com.simpletests.Tests_testng" name="listUsers" time="0.0">
    <ignored/>
  </testcase> <!-- listUsers -->
</testsuite> <!-- SanityTest -->
